#
# A fatal error has been detected by the Java Runtime Environment:
#
#  EXCEPTION_ACCESS_VIOLATION (0xc0000005) at pc=0x0000000002a09d2e, pid=11572, tid=0x0000000000001760
#
# JRE version: Java(TM) SE Runtime Environment (8.0_111-b14) (build 1.8.0_111-b14)
# Java VM: Java HotSpot(TM) 64-Bit Server VM (25.111-b14 mixed mode windows-amd64 compressed oops)
# Problematic frame:
# J 1127 C1 sun.reflect.Reflection.quickCheckMemberAccess(Ljava/lang/Class;I)Z (10 bytes) @ 0x0000000002a09d2e [0x0000000002a09c80+0xae]
#
# Failed to write core dump. Minidumps are not enabled by default on client versions of Windows
#
# If you would like to submit a bug report, please visit:
#   http://bugreport.java.com/bugreport/crash.jsp
#

---------------  T H R E A D  ---------------

Current thread (0x000000001a1e6000):  JavaThread "restartedMain" [_thread_in_Java, id=5984, stack(0x000000001b050000,0x000000001b150000)]

siginfo: ExceptionCode=0xc0000005, writing address 0xffffffffe0830002

Registers:
RAX=0x0000000000000001, RBX=0x00000000169472c0, RCX=0x000000001a0c53c0, RDX=0x000000001b14cdf0
RSP=0x000000001b14ce40, RBP=0x000000001b14cf00, RSI=0x0000000016970548, RDI=0x0000000000021538
R8 =0x000000001b14cdf0, R9 =0x00000000838b5d08, R10=0x0000000000000000, R11=0x0000000002a09c80
R12=0x0000000000000000, R13=0x000000001b14ceb0, R14=0x000000001b14ce20, R15=0x000000001a1e6000
RIP=0x0000000002a09d2e, EFLAGS=0x0000000000010202

Top of Stack: (sp=0x000000001b14ce40)
0x000000001b14ce40:   0000000016e6a44e 000000001b14cec8
0x000000001b14ce50:   0000000016e6d600 0000000000000000
0x000000001b14ce60:   0000000016e6a4e8 0000000000000000
0x000000001b14ce70:   0000000000000001 000000008396ab00
0x000000001b14ce80:   0000000002628180 00000000d8c07bb0
0x000000001b14ce90:   000000001b14cf00 0000000002627bd0
0x000000001b14cea0:   00000000d8c075f8 0000000002627bd0
0x000000001b14ceb0:   0000000000000001 000000008396ab00
0x000000001b14cec0:   000000001b14cec0 000000001689ea6f
0x000000001b14ced0:   000000001b14cf28 00000000169686a8
0x000000001b14cee0:   0000000000000000 000000001689eab0
0x000000001b14cef0:   000000001b14ceb0 000000001b14cf18
0x000000001b14cf00:   000000001b14cf70 00000000026283fd
0x000000001b14cf10:   0000000000000000 000000008395d018
0x000000001b14cf20:   00000000d8c06ec8 00000000d8c07bb0
0x000000001b14cf30:   000000001b14cf30 00000000226f9fd8 

Instructions: (pc=0x0000000002a09d2e)
0x0000000002a09d0e:   dc 00 00 00 83 c7 08 89 be dc 00 00 00 48 be 48
0x0000000002a09d1e:   05 97 16 00 00 00 00 81 e7 f8 ff 7f 00 83 ff 00
0x0000000002a09d2e:   0f 84 84 00 00 00 83 e0 01 83 f8 00 48 b8 a8 63
0x0000000002a09d3e:   e2 16 00 00 00 00 48 be 08 01 00 00 00 00 00 00 


Register to memory mapping:

RAX=0x0000000000000001 is an unknown value
RBX={method} {0x00000000169472c8} 'quickCheckMemberAccess' '(Ljava/lang/Class;I)Z' in 'sun/reflect/Reflection'
RCX=0x000000001a0c53c0 is an unknown value
RDX=0x000000001b14cdf0 is pointing into the stack for thread: 0x000000001a1e6000
RSP=0x000000001b14ce40 is pointing into the stack for thread: 0x000000001a1e6000
RBP=0x000000001b14cf00 is pointing into the stack for thread: 0x000000001a1e6000
RSI={method} {0x0000000016970550} 'isPublic' '(I)Z' in 'java/lang/reflect/Modifier'
RDI=0x0000000000021538 is an unknown value
R8 =0x000000001b14cdf0 is pointing into the stack for thread: 0x000000001a1e6000
R9 =0x00000000838b5d08 is an oop
[C 
 - klass: {type array char}
 - length: 28
R10=0x0000000000000000 is an unknown value
R11=0x0000000002a09c80 is at entry_point+0 in (nmethod*)0x0000000002a09b10
R12=0x0000000000000000 is an unknown value
R13=0x000000001b14ceb0 is pointing into the stack for thread: 0x000000001a1e6000
R14=0x000000001b14ce20 is pointing into the stack for thread: 0x000000001a1e6000
R15=0x000000001a1e6000 is a thread


Stack: [0x000000001b050000,0x000000001b150000],  sp=0x000000001b14ce40,  free space=1011k
Native frames: (J=compiled Java code, j=interpreted, Vv=VM code, C=native code)
C  0x0000000002a09d2e


---------------  P R O C E S S  ---------------

Java Threads: ( => current thread )
  0x000000001d266000 JavaThread "container-0" [_thread_blocked, id=11176, stack(0x0000000023900000,0x0000000023a00000)]
  0x000000001d268800 JavaThread "ContainerBackgroundProcessor[StandardEngine[Tomcat]]" daemon [_thread_blocked, id=8388, stack(0x00000000237b0000,0x00000000238b0000)]
  0x000000001d267800 JavaThread "SeedGenerator Thread" daemon [_thread_blocked, id=7772, stack(0x0000000020de0000,0x0000000020ee0000)]
  0x000000001d265800 JavaThread "SeedGenerator Thread" daemon [_thread_in_Java, id=6976, stack(0x000000001bb40000,0x000000001bc40000)]
=>0x000000001a1e6000 JavaThread "restartedMain" [_thread_in_Java, id=5984, stack(0x000000001b050000,0x000000001b150000)]
  0x000000001a312800 JavaThread "Thread-0" [_thread_blocked, id=7892, stack(0x00000000193c0000,0x00000000194c0000)]
  0x000000001898e800 JavaThread "Service Thread" daemon [_thread_blocked, id=10432, stack(0x0000000019730000,0x0000000019830000)]
  0x0000000018981800 JavaThread "C1 CompilerThread2" daemon [_thread_blocked, id=11668, stack(0x0000000019620000,0x0000000019720000)]
  0x0000000018980000 JavaThread "C2 CompilerThread1" daemon [_thread_in_native, id=11508, stack(0x00000000194d0000,0x00000000195d0000)]
  0x000000001897b000 JavaThread "C2 CompilerThread0" daemon [_thread_in_native, id=192, stack(0x0000000019270000,0x0000000019370000)]
  0x00000000185ea000 JavaThread "JDWP Command Reader" daemon [_thread_in_native, id=8544, stack(0x0000000019170000,0x0000000019270000)]
  0x00000000185e6800 JavaThread "JDWP Event Helper Thread" daemon [_thread_blocked, id=5868, stack(0x00000000189c0000,0x0000000018ac0000)]
  0x00000000185db800 JavaThread "JDWP Transport Listener: dt_socket" daemon [_thread_blocked, id=3728, stack(0x0000000018e30000,0x0000000018f30000)]
  0x0000000017256000 JavaThread "Attach Listener" daemon [_thread_blocked, id=5088, stack(0x0000000018d20000,0x0000000018e20000)]
  0x0000000017255800 JavaThread "Signal Dispatcher" daemon [_thread_blocked, id=9680, stack(0x0000000018b50000,0x0000000018c50000)]
  0x000000001723f000 JavaThread "Finalizer" daemon [_thread_blocked, id=11440, stack(0x00000000184b0000,0x00000000185b0000)]
  0x00000000171f8000 JavaThread "Reference Handler" daemon [_thread_blocked, id=12060, stack(0x0000000018350000,0x0000000018450000)]
  0x000000000213c000 JavaThread "main" [_thread_blocked, id=332, stack(0x0000000002260000,0x0000000002360000)]

Other Threads:
  0x00000000171f0000 VMThread [stack: 0x00000000181f0000,0x00000000182f0000] [id=844]
  0x000000001991b000 WatcherThread [stack: 0x0000000019060000,0x0000000019160000] [id=10248]

VM state:not at safepoint (normal execution)

VM Mutex/Monitor currently owned by a thread: None

Heap:
 PSYoungGen      total 149504K, used 39421K [0x00000000d6700000, 0x00000000e2c80000, 0x0000000100000000)
  eden space 136704K, 28% used [0x00000000d6700000,0x00000000d8d7f708,0x00000000dec80000)
  from space 12800K, 0% used [0x00000000df800000,0x00000000df800000,0x00000000e0480000)
  to   space 11776K, 0% used [0x00000000dec80000,0x00000000dec80000,0x00000000df800000)
 ParOldGen       total 101376K, used 13078K [0x0000000083400000, 0x0000000089700000, 0x00000000d6700000)
  object space 101376K, 12% used [0x0000000083400000,0x00000000840c5ad0,0x0000000089700000)
 Metaspace       used 37060K, capacity 38616K, committed 38872K, reserved 1083392K
  class space    used 4772K, capacity 5092K, committed 5120K, reserved 1048576K

Card table byte_map: [0x00000000119e0000,0x0000000011dd0000] byte_map_base: 0x00000000115c6000

Marking Bits: (ParMarkBitMap*) 0x00000000528ba6c0
 Begin Bits: [0x0000000012610000, 0x0000000014540000)
 End Bits:   [0x0000000014540000, 0x0000000016470000)

Polling page: 0x0000000000110000

CodeCache: size=245760Kb used=14223Kb max_used=14235Kb free=231536Kb
 bounds [0x0000000002620000, 0x0000000003410000, 0x0000000011620000]
 total_blobs=4012 nmethods=3599 adapters=331
 compilation: enabled

Compilation events (10 events):
Event: 11.383 Thread 0x0000000018981800 3607       3       org.springframework.util.ClassUtils::resolvePrimitiveIfNecessary (37 bytes)
Event: 11.383 Thread 0x0000000018981800 nmethod 3607 0x00000000033f1810 code [0x00000000033f19c0, 0x00000000033f1f48]
Event: 11.384 Thread 0x0000000018981800 3608       3       org.springframework.core.convert.TypeDescriptor::equals (113 bytes)
Event: 11.387 Thread 0x0000000018981800 nmethod 3608 0x00000000033f2110 code [0x00000000033f2640, 0x00000000033f6628]
Event: 11.387 Thread 0x0000000018981800 3609       3       org.springframework.boot.env.RandomValuePropertySource::getProperty (68 bytes)
Event: 11.388 Thread 0x0000000018981800 nmethod 3609 0x00000000033f8090 code [0x00000000033f8300, 0x00000000033f92e8]
Event: 11.400 Thread 0x0000000018981800 3610       3       java.util.ArrayList::addAll (92 bytes)
Event: 11.401 Thread 0x0000000018981800 nmethod 3610 0x0000000003401550 code [0x0000000003401760, 0x00000000034020f8]
Event: 11.402 Thread 0x0000000018980000 nmethod 3534 0x0000000003402510 code [0x0000000003402940, 0x00000000034077a8]
Event: 11.402 Thread 0x0000000018980000 3554 %     4       java.util.Properties$LineReader::readLine @ 21 (468 bytes)

GC Heap History (10 events):
Event: 1.975 GC heap before
{Heap before GC invocations=4 (full 1):
 PSYoungGen      total 70656K, used 5112K [0x00000000d6700000, 0x00000000df100000, 0x0000000100000000)
  eden space 65536K, 0% used [0x00000000d6700000,0x00000000d6700000,0x00000000da700000)
  from space 5120K, 99% used [0x00000000da700000,0x00000000dabfe040,0x00000000dac00000)
  to   space 5120K, 0% used [0x00000000dec00000,0x00000000dec00000,0x00000000df100000)
 ParOldGen       total 86016K, used 6256K [0x0000000083400000, 0x0000000088800000, 0x00000000d6700000)
  object space 86016K, 7% used [0x0000000083400000,0x0000000083a1c300,0x0000000088800000)
 Metaspace       used 20661K, capacity 21186K, committed 21248K, reserved 1067008K
  class space    used 2634K, capacity 2796K, committed 2816K, reserved 1048576K
Event: 2.027 GC heap after
Heap after GC invocations=4 (full 1):
 PSYoungGen      total 70656K, used 0K [0x00000000d6700000, 0x00000000df100000, 0x0000000100000000)
  eden space 65536K, 0% used [0x00000000d6700000,0x00000000d6700000,0x00000000da700000)
  from space 5120K, 0% used [0x00000000da700000,0x00000000da700000,0x00000000dac00000)
  to   space 5120K, 0% used [0x00000000dec00000,0x00000000dec00000,0x00000000df100000)
 ParOldGen       total 68608K, used 10681K [0x0000000083400000, 0x0000000087700000, 0x00000000d6700000)
  object space 68608K, 15% used [0x0000000083400000,0x0000000083e6e4c0,0x0000000087700000)
 Metaspace       used 20659K, capacity 21180K, committed 21248K, reserved 1067008K
  class space    used 2634K, capacity 2795K, committed 2816K, reserved 1048576K
}
Event: 3.001 GC heap before
{Heap before GC invocations=5 (full 1):
 PSYoungGen      total 70656K, used 65536K [0x00000000d6700000, 0x00000000df100000, 0x0000000100000000)
  eden space 65536K, 100% used [0x00000000d6700000,0x00000000da700000,0x00000000da700000)
  from space 5120K, 0% used [0x00000000da700000,0x00000000da700000,0x00000000dac00000)
  to   space 5120K, 0% used [0x00000000dec00000,0x00000000dec00000,0x00000000df100000)
 ParOldGen       total 68608K, used 10681K [0x0000000083400000, 0x0000000087700000, 0x00000000d6700000)
  object space 68608K, 15% used [0x0000000083400000,0x0000000083e6e4c0,0x0000000087700000)
 Metaspace       used 25809K, capacity 26568K, committed 26752K, reserved 1073152K
  class space    used 3254K, capacity 3445K, committed 3456K, reserved 1048576K
Event: 3.032 GC heap after
Heap after GC invocations=5 (full 1):
 PSYoungGen      total 100864K, used 5109K [0x00000000d6700000, 0x00000000df100000, 0x0000000100000000)
  eden space 95744K, 0% used [0x00000000d6700000,0x00000000d6700000,0x00000000dc480000)
  from space 5120K, 99% used [0x00000000dec00000,0x00000000df0fd670,0x00000000df100000)
  to   space 5120K, 0% used [0x00000000de700000,0x00000000de700000,0x00000000dec00000)
 ParOldGen       total 68608K, used 11832K [0x0000000083400000, 0x0000000087700000, 0x00000000d6700000)
  object space 68608K, 17% used [0x0000000083400000,0x0000000083f8e210,0x0000000087700000)
 Metaspace       used 25809K, capacity 26568K, committed 26752K, reserved 1073152K
  class space    used 3254K, capacity 3445K, committed 3456K, reserved 1048576K
}
Event: 4.936 GC heap before
{Heap before GC invocations=6 (full 1):
 PSYoungGen      total 100864K, used 100853K [0x00000000d6700000, 0x00000000df100000, 0x0000000100000000)
  eden space 95744K, 100% used [0x00000000d6700000,0x00000000dc480000,0x00000000dc480000)
  from space 5120K, 99% used [0x00000000dec00000,0x00000000df0fd670,0x00000000df100000)
  to   space 5120K, 0% used [0x00000000de700000,0x00000000de700000,0x00000000dec00000)
 ParOldGen       total 68608K, used 11832K [0x0000000083400000, 0x0000000087700000, 0x00000000d6700000)
  object space 68608K, 17% used [0x0000000083400000,0x0000000083f8e210,0x0000000087700000)
 Metaspace       used 31779K, capacity 32948K, committed 33152K, reserved 1077248K
  class space    used 4108K, capacity 4378K, committed 4480K, reserved 1048576K
Event: 4.951 GC heap after
Heap after GC invocations=6 (full 1):
 PSYoungGen      total 136192K, used 5108K [0x00000000d6700000, 0x00000000e0480000, 0x0000000100000000)
  eden space 131072K, 0% used [0x00000000d6700000,0x00000000d6700000,0x00000000de700000)
  from space 5120K, 99% used [0x00000000de700000,0x00000000debfd030,0x00000000dec00000)
  to   space 12800K, 0% used [0x00000000df800000,0x00000000df800000,0x00000000e0480000)
 ParOldGen       total 68608K, used 17503K [0x0000000083400000, 0x0000000087700000, 0x00000000d6700000)
  object space 68608K, 25% used [0x0000000083400000,0x0000000084517fa8,0x0000000087700000)
 Metaspace       used 31779K, capacity 32948K, committed 33152K, reserved 1077248K
  class space    used 4108K, capacity 4378K, committed 4480K, reserved 1048576K
}
Event: 10.549 GC heap before
{Heap before GC invocations=7 (full 1):
 PSYoungGen      total 136192K, used 29953K [0x00000000d6700000, 0x00000000e0480000, 0x0000000100000000)
  eden space 131072K, 18% used [0x00000000d6700000,0x00000000d7f43630,0x00000000de700000)
  from space 5120K, 99% used [0x00000000de700000,0x00000000debfd030,0x00000000dec00000)
  to   space 12800K, 0% used [0x00000000df800000,0x00000000df800000,0x00000000e0480000)
 ParOldGen       total 68608K, used 17503K [0x0000000083400000, 0x0000000087700000, 0x00000000d6700000)
  object space 68608K, 25% used [0x0000000083400000,0x0000000084517fa8,0x0000000087700000)
 Metaspace       used 33859K, capacity 35368K, committed 35416K, reserved 1079296K
  class space    used 4414K, capacity 4726K, committed 4736K, reserved 1048576K
Event: 10.569 GC heap after
Heap after GC invocations=7 (full 1):
 PSYoungGen      total 149504K, used 7911K [0x00000000d6700000, 0x00000000e2c80000, 0x0000000100000000)
  eden space 136704K, 0% used [0x00000000d6700000,0x00000000d6700000,0x00000000dec80000)
  from space 12800K, 61% used [0x00000000df800000,0x00000000dffb9de0,0x00000000e0480000)
  to   space 11776K, 0% used [0x00000000dec80000,0x00000000dec80000,0x00000000df800000)
 ParOldGen       total 68608K, used 17511K [0x0000000083400000, 0x0000000087700000, 0x00000000d6700000)
  object space 68608K, 25% used [0x0000000083400000,0x0000000084519fa8,0x0000000087700000)
 Metaspace       used 33859K, capacity 35368K, committed 35416K, reserved 1079296K
  class space    used 4414K, capacity 4726K, committed 4736K, reserved 1048576K
}
Event: 10.569 GC heap before
{Heap before GC invocations=8 (full 2):
 PSYoungGen      total 149504K, used 7911K [0x00000000d6700000, 0x00000000e2c80000, 0x0000000100000000)
  eden space 136704K, 0% used [0x00000000d6700000,0x00000000d6700000,0x00000000dec80000)
  from space 12800K, 61% used [0x00000000df800000,0x00000000dffb9de0,0x00000000e0480000)
  to   space 11776K, 0% used [0x00000000dec80000,0x00000000dec80000,0x00000000df800000)
 ParOldGen       total 68608K, used 17511K [0x0000000083400000, 0x0000000087700000, 0x00000000d6700000)
  object space 68608K, 25% used [0x0000000083400000,0x0000000084519fa8,0x0000000087700000)
 Metaspace       used 33859K, capacity 35368K, committed 35416K, reserved 1079296K
  class space    used 4414K, capacity 4726K, committed 4736K, reserved 1048576K
Event: 10.671 GC heap after
Heap after GC invocations=8 (full 2):
 PSYoungGen      total 149504K, used 0K [0x00000000d6700000, 0x00000000e2c80000, 0x0000000100000000)
  eden space 136704K, 0% used [0x00000000d6700000,0x00000000d6700000,0x00000000dec80000)
  from space 12800K, 0% used [0x00000000df800000,0x00000000df800000,0x00000000e0480000)
  to   space 11776K, 0% used [0x00000000dec80000,0x00000000dec80000,0x00000000df800000)
 ParOldGen       total 101376K, used 13078K [0x0000000083400000, 0x0000000089700000, 0x00000000d6700000)
  object space 101376K, 12% used [0x0000000083400000,0x00000000840c5ad0,0x0000000089700000)
 Metaspace       used 33859K, capacity 35368K, committed 35416K, reserved 1079296K
  class space    used 4414K, capacity 4726K, committed 4736K, reserved 1048576K
}

Deoptimization events (10 events):
Event: 10.880 Thread 0x000000001a1e6000 Uncommon trap: reason=unstable_if action=reinterpret pc=0x0000000002949c24 method=java.lang.CharacterDataLatin1.isWhitespace(I)Z @ 14
Event: 10.969 Thread 0x000000001a1e6000 Uncommon trap: reason=unstable_if action=reinterpret pc=0x0000000002c016dc method=com.sun.org.apache.xerces.internal.util.SymbolTable.addSymbol([CII)Ljava/lang/String; @ 38
Event: 11.093 Thread 0x000000001a1e6000 Uncommon trap: reason=unstable_if action=reinterpret pc=0x0000000003162388 method=java.io.WinNTFileSystem.resolve(Ljava/lang/String;Ljava/lang/String;)Ljava/lang/String; @ 19
Event: 11.100 Thread 0x000000001a1e6000 Uncommon trap: reason=null_check action=make_not_entrant pc=0x00000000032c8c48 method=java.net.URL.getURLStreamHandler(Ljava/lang/String;)Ljava/net/URLStreamHandler; @ 7
Event: 11.109 Thread 0x000000001a1e6000 Uncommon trap: reason=class_check action=maybe_recompile pc=0x000000000312f244 method=java.util.zip.InflaterInputStream.read([BII)I @ 100
Event: 11.109 Thread 0x000000001a1e6000 Uncommon trap: reason=class_check action=maybe_recompile pc=0x000000000312f244 method=java.util.zip.InflaterInputStream.read([BII)I @ 100
Event: 11.109 Thread 0x000000001a1e6000 Uncommon trap: reason=class_check action=maybe_recompile pc=0x000000000312f244 method=java.util.zip.InflaterInputStream.read([BII)I @ 100
Event: 11.109 Thread 0x000000001a1e6000 Uncommon trap: reason=class_check action=maybe_recompile pc=0x000000000312f244 method=java.util.zip.InflaterInputStream.read([BII)I @ 100
Event: 11.363 Thread 0x000000001a1e6000 Uncommon trap: reason=bimorphic action=maybe_recompile pc=0x0000000002d4f8a0 method=java.util.Hashtable.get(Ljava/lang/Object;)Ljava/lang/Object; @ 6
Event: 11.364 Thread 0x000000001a1e6000 Uncommon trap: reason=bimorphic action=maybe_recompile pc=0x0000000002d4f8a0 method=java.util.Hashtable.get(Ljava/lang/Object;)Ljava/lang/Object; @ 6

Internal exceptions (10 events):
Event: 2.801 Thread 0x000000001a1e6000 Exception <a 'java/lang/IncompatibleClassChangeError': Found class java.lang.Object, but interface was expected> (0x00000000d947a690) thrown at [C:\re\workspace\8-2-build-windows-amd64-cygwin\jdk8u111\7883\hotspot\src\share\vm\interpreter\linkResolver.cpp
Event: 4.070 Thread 0x000000001a1e6000 Exception <a 'java/lang/NoSuchMethodError': java.lang.Object.lambda$andThen$1(Ljava/util/function/Function;Ljava/lang/Object;)Ljava/lang/Object;> (0x00000000d9a6bfd0) thrown at [C:\re\workspace\8-2-build-windows-amd64-cygwin\jdk8u111\7883\hotspot\src\shar
Event: 4.071 Thread 0x000000001a1e6000 Exception <a 'java/lang/NoSuchMethodError': java.lang.Object.lambda$of$0([Ljava/lang/Object;)Ljava/util/Iterator;> (0x00000000d9a701c0) thrown at [C:\re\workspace\8-2-build-windows-amd64-cygwin\jdk8u111\7883\hotspot\src\share\vm\interpreter\linkResolver.c
Event: 4.072 Thread 0x000000001a1e6000 Exception <a 'java/lang/NoSuchMethodError': java.lang.Object.lambda$and$4(Ljava/util/function/Supplier;)Ljava/util/stream/Stream;> (0x00000000d9a737e0) thrown at [C:\re\workspace\8-2-build-windows-amd64-cygwin\jdk8u111\7883\hotspot\src\share\vm\interprete
Event: 4.975 Thread 0x000000001a1e6000 Implicit null exception at 0x0000000003170382 to 0x0000000003170681
Event: 5.351 Thread 0x000000001a1e6000 Exception <a 'java/io/FileNotFoundException'> (0x00000000d7522890) thrown at [C:\re\workspace\8-2-build-windows-amd64-cygwin\jdk8u111\7883\hotspot\src\share\vm\prims\jni.cpp, line 709]
Event: 5.351 Thread 0x000000001a1e6000 Exception <a 'java/security/PrivilegedActionException'> (0x00000000d7522e10) thrown at [C:\re\workspace\8-2-build-windows-amd64-cygwin\jdk8u111\7883\hotspot\src\share\vm\prims\jvm.cpp, line 1386]
Event: 11.100 Thread 0x000000001a1e6000 Implicit null exception at 0x00000000032c61c3 to 0x00000000032c8c1d
Event: 11.220 Thread 0x000000001a1e6000 Exception <a 'java/io/FileNotFoundException'> (0x00000000d853e9b0) thrown at [C:\re\workspace\8-2-build-windows-amd64-cygwin\jdk8u111\7883\hotspot\src\share\vm\prims\jni.cpp, line 709]
Event: 11.345 Thread 0x000000001a1e6000 Exception <a 'java/io/FileNotFoundException'> (0x00000000d8ab9408) thrown at [C:\re\workspace\8-2-build-windows-amd64-cygwin\jdk8u111\7883\hotspot\src\share\vm\prims\jni.cpp, line 709]

Events (10 events):
Event: 11.393 Thread 0x000000001a1e6000 DEOPT PACKING pc=0x000000000282cc01 sp=0x000000001b14c4a0
Event: 11.393 Thread 0x000000001a1e6000 DEOPT UNPACKING pc=0x000000000266787f sp=0x000000001b14c1f0 mode 1
Event: 11.393 Thread 0x000000001a1e6000 DEOPT PACKING pc=0x0000000002dac5a4 sp=0x000000001b14c520
Event: 11.393 Thread 0x000000001a1e6000 DEOPT UNPACKING pc=0x000000000266787f sp=0x000000001b14c250 mode 1
Event: 11.393 Thread 0x000000001a1e6000 DEOPT PACKING pc=0x0000000002d24e8c sp=0x000000001b14c580
Event: 11.393 Thread 0x000000001a1e6000 DEOPT UNPACKING pc=0x000000000266787f sp=0x000000001b14c348 mode 1
Event: 11.393 loading class org/springframework/beans/factory/annotation/AutowiredAnnotationBeanPostProcessor$AutowiredFieldElement
Event: 11.393 loading class org/springframework/beans/factory/annotation/AutowiredAnnotationBeanPostProcessor$AutowiredFieldElement done
Event: 11.396 loading class org/springframework/core/SerializableTypeWrapper$FieldTypeProvider
Event: 11.396 loading class org/springframework/core/SerializableTypeWrapper$FieldTypeProvider done


Dynamic libraries:
0x000000013f340000 - 0x000000013f377000 	E:\java\jdk1.8.0_111\jre\bin\java.exe
0x0000000077890000 - 0x0000000077a2f000 	C:\Windows\SYSTEM32\ntdll.dll
0x0000000077670000 - 0x000000007778f000 	C:\Windows\system32\kernel32.dll
0x000007fefd500000 - 0x000007fefd56a000 	C:\Windows\system32\KERNELBASE.dll
0x000007fefe590000 - 0x000007fefe66b000 	C:\Windows\system32\ADVAPI32.dll
0x000007feff6a0000 - 0x000007feff73f000 	C:\Windows\system32\msvcrt.dll
0x000007fefec50000 - 0x000007fefec6f000 	C:\Windows\SYSTEM32\sechost.dll
0x000007feff380000 - 0x000007feff4ad000 	C:\Windows\system32\RPCRT4.dll
0x0000000077790000 - 0x000000007788a000 	C:\Windows\system32\USER32.dll
0x000007feff820000 - 0x000007feff887000 	C:\Windows\system32\GDI32.dll
0x000007fefe580000 - 0x000007fefe58e000 	C:\Windows\system32\LPK.dll
0x000007feff5d0000 - 0x000007feff69b000 	C:\Windows\system32\USP10.dll
0x000007fefbf70000 - 0x000007fefc164000 	C:\Windows\WinSxS\amd64_microsoft.windows.common-controls_6595b64144ccf1df_6.0.7601.18837_none_fa3b1e3d17594757\COMCTL32.dll
0x000007feff4b0000 - 0x000007feff521000 	C:\Windows\system32\SHLWAPI.dll
0x000007fefea00000 - 0x000007fefea2e000 	C:\Windows\system32\IMM32.DLL
0x000007feffa70000 - 0x000007feffb79000 	C:\Windows\system32\MSCTF.dll
0x0000000053560000 - 0x0000000053632000 	E:\java\jdk1.8.0_111\jre\bin\msvcr100.dll
0x00000000520a0000 - 0x000000005293a000 	E:\java\jdk1.8.0_111\jre\bin\server\jvm.dll
0x000007fef8820000 - 0x000007fef8829000 	C:\Windows\system32\WSOCK32.dll
0x000007feff2d0000 - 0x000007feff31d000 	C:\Windows\system32\WS2_32.dll
0x000007fefec40000 - 0x000007fefec48000 	C:\Windows\system32\NSI.dll
0x000007fefb000000 - 0x000007fefb03b000 	C:\Windows\system32\WINMM.dll
0x000007fefc490000 - 0x000007fefc49c000 	C:\Windows\system32\VERSION.dll
0x0000000077a40000 - 0x0000000077a47000 	C:\Windows\system32\PSAPI.DLL
0x000000006fea0000 - 0x000000006feaf000 	E:\java\jdk1.8.0_111\jre\bin\verify.dll
0x0000000055ed0000 - 0x0000000055ef9000 	E:\java\jdk1.8.0_111\jre\bin\java.dll
0x0000000050160000 - 0x0000000050195000 	E:\java\jdk1.8.0_111\jre\bin\jdwp.dll
0x000000006cb80000 - 0x000000006cb88000 	E:\java\jdk1.8.0_111\jre\bin\npt.dll
0x00000000500f0000 - 0x0000000050113000 	E:\java\jdk1.8.0_111\jre\bin\instrument.dll
0x0000000053540000 - 0x0000000053556000 	E:\java\jdk1.8.0_111\jre\bin\zip.dll
0x000007fefd7f0000 - 0x000007fefe57a000 	C:\Windows\system32\SHELL32.dll
0x000007fefec70000 - 0x000007fefee6d000 	C:\Windows\system32\ole32.dll
0x000007fefd440000 - 0x000007fefd44f000 	C:\Windows\system32\profapi.dll
0x000000006df10000 - 0x000000006df19000 	E:\java\jdk1.8.0_111\jre\bin\dt_socket.dll
0x000007fefcbd0000 - 0x000007fefcc25000 	C:\Windows\system32\mswsock.dll
0x000007fefc5b0000 - 0x000007fefc5b7000 	C:\Windows\System32\wshtcpip.dll
0x000000006cb70000 - 0x000000006cb7d000 	E:\java\jdk1.8.0_111\jre\bin\management.dll
0x0000000053520000 - 0x000000005353a000 	E:\java\jdk1.8.0_111\jre\bin\net.dll
0x000007fefcbc0000 - 0x000007fefcbc7000 	C:\Windows\System32\wship6.dll
0x000007fefafa0000 - 0x000007fefafb5000 	C:\Windows\system32\NLAapi.dll
0x000007fef6130000 - 0x000007fef6145000 	C:\Windows\system32\napinsp.dll
0x000007fef6110000 - 0x000007fef6129000 	C:\Windows\system32\pnrpnsp.dll
0x000007fefca50000 - 0x000007fefcaab000 	C:\Windows\system32\DNSAPI.dll
0x000007fef79b0000 - 0x000007fef79bb000 	C:\Windows\System32\winrnr.dll
0x000007fef6100000 - 0x000007fef6110000 	C:\Windows\system32\wshbth.dll
0x000007fefa850000 - 0x000007fefa877000 	C:\Windows\system32\IPHLPAPI.DLL
0x000007fefa840000 - 0x000007fefa84b000 	C:\Windows\system32\WINNSI.DLL
0x000007feee8c0000 - 0x000007feee8c8000 	C:\Windows\system32\rasadhlp.dll
0x000007fefa770000 - 0x000007fefa7c3000 	C:\Windows\System32\fwpuclnt.dll
0x0000000053500000 - 0x0000000053511000 	E:\java\jdk1.8.0_111\jre\bin\nio.dll
0x000007fefa6f0000 - 0x000007fefa701000 	C:\Windows\system32\dhcpcsvc6.DLL
0x000007fefa6d0000 - 0x000007fefa6e8000 	C:\Windows\system32\dhcpcsvc.DLL
0x0000000180000000 - 0x000000018020a000 	D:\apache-tomcat-8.0.36\bin\tcnative-1.dll
0x000007fef86f0000 - 0x000007fef8815000 	C:\Windows\system32\dbghelp.dll

VM Arguments:
jvm_args: -agentlib:jdwp=transport=dt_socket,address=127.0.0.1:49984,suspend=y,server=n -Dvisualvm.id=26931625671818 -javaagent:C:\Users\Administrator\.IntelliJIdea2018.2\system\captureAgent\debugger-agent.jar=file:/C:/Users/Administrator/AppData/Local/Temp/capture6421.props -Dfile.encoding=UTF-8 
java_command: com.properpush.voice.proper.ProperApplication
java_class_path (initial): E:\java\jdk1.8.0_111\jre\lib\charsets.jar;E:\java\jdk1.8.0_111\jre\lib\deploy.jar;E:\java\jdk1.8.0_111\jre\lib\ext\access-bridge-64.jar;E:\java\jdk1.8.0_111\jre\lib\ext\cldrdata.jar;E:\java\jdk1.8.0_111\jre\lib\ext\dnsns.jar;E:\java\jdk1.8.0_111\jre\lib\ext\jaccess.jar;E:\java\jdk1.8.0_111\jre\lib\ext\jfxrt.jar;E:\java\jdk1.8.0_111\jre\lib\ext\localedata.jar;E:\java\jdk1.8.0_111\jre\lib\ext\nashorn.jar;E:\java\jdk1.8.0_111\jre\lib\ext\sunec.jar;E:\java\jdk1.8.0_111\jre\lib\ext\sunjce_provider.jar;E:\java\jdk1.8.0_111\jre\lib\ext\sunmscapi.jar;E:\java\jdk1.8.0_111\jre\lib\ext\sunpkcs11.jar;E:\java\jdk1.8.0_111\jre\lib\ext\zipfs.jar;E:\java\jdk1.8.0_111\jre\lib\javaws.jar;E:\java\jdk1.8.0_111\jre\lib\jce.jar;E:\java\jdk1.8.0_111\jre\lib\jfr.jar;E:\java\jdk1.8.0_111\jre\lib\jfxswt.jar;E:\java\jdk1.8.0_111\jre\lib\jsse.jar;E:\java\jdk1.8.0_111\jre\lib\management-agent.jar;E:\java\jdk1.8.0_111\jre\lib\plugin.jar;E:\java\jdk1.8.0_111\jre\lib\resources.jar;E:\java\jdk1.8.0_111\jre\lib\rt.jar;E:\project\intelligence\proper\proper\target\classes;E:\maven\repository\org\springframework\boot\spring-boot-starter-web\2.1.1.RELEASE\spring-boot-starter-web-2.1.1.RELEASE.jar;E:\maven\repository\org\springframework\boot\spring-boot-starter\2.1.1.RELEASE\spring-boot-starter-2.1.1.RELEASE.jar;E:\maven\repository\org\springframework\boot\spring-boot-starter-logging\2.1.1.RELEASE\spring-boot-starter-logging-2.1.1.RELEASE.jar;E:\maven\repository\ch\qos\logback\logback-classic\1.2.3\logback-classic-1.2.3.jar;E:\maven\repository\ch\qos\logback\logback-core\1.2.3\logback-core-1.2.3.jar;E:\maven\repository\org\apache\logging\log4j\log4j-to-slf4j\2.11.1\log4j-to-slf4j-2.11.1.jar;E:\maven\repository\org\apache\logging\log4j\log4j-api\2.11.1\log4j-api-2.11.1.jar;E:\maven\repository\org\slf4j\jul-to-slf4j\1.7.25\jul-to-slf4j-1.7.25.jar;E:\maven\repository\javax\annotation\javax.annotation-api\1.3.2\javax.annotation-api-1.3.2.jar;E:\maven\repository\org\yaml\snakeyaml
Launcher Type: SUN_STANDARD

Environment Variables:
JAVA_HOME=E:\java\jdk1.8.0_111
CLASSPATH= .;E:\java\jdk1.8.0_111\lib;E:\java\jdk1.8.0_111\lib\tools.jar
USERNAME=Administrator
OS=Windows_NT
PROCESSOR_IDENTIFIER=Intel64 Family 6 Model 142 Stepping 9, GenuineIntel



---------------  S Y S T E M  ---------------

OS: Windows 7 , 64 bit Build 7601 (6.1.7601.24260)

CPU:total 4 (2 cores per cpu, 2 threads per core) family 6 model 142 stepping 9, cmov, cx8, fxsr, mmx, sse, sse2, sse3, ssse3, sse4.1, sse4.2, popcnt, avx, avx2, aes, clmul, erms, 3dnowpref, lzcnt, ht, tsc, tscinvbit, bmi1, bmi2, adx

Memory: 4k page, physical 8168904k(617732k free), swap 16337808k(6702472k free)

vm_info: Java HotSpot(TM) 64-Bit Server VM (25.111-b14) for windows-amd64 JRE (1.8.0_111-b14), built on Sep 22 2016 19:24:05 by "java_re" with MS VC++ 10.0 (VS2010)

time: Mon Dec 24 16:07:45 2018
elapsed time: 11 seconds (0d 0h 0m 11s)

