2018-12-29 14:07:06.726 [restartedMain] INFO  c.p.voice.proper.ProperApplication - Starting ProperApplication on PC-20170803EPUQ with PID 33832 (E:\project\intelligence\proper\proper\target\classes started by Administrator in E:\project\intelligence\proper\proper)
2018-12-29 14:07:06.734 [restartedMain] INFO  c.p.voice.proper.ProperApplication - No active profile set, falling back to default profiles: default
2018-12-29 14:07:06.851 [restartedMain] INFO  o.s.b.d.e.DevToolsPropertyDefaultsPostProcessor - Devtools property defaults active! Set 'spring.devtools.add-properties' to 'false' to disable
2018-12-29 14:07:06.852 [restartedMain] INFO  o.s.b.d.e.DevToolsPropertyDefaultsPostProcessor - For additional web related logging consider setting the 'logging.level.web' property to 'DEBUG'
2018-12-29 14:07:08.992 [restartedMain] INFO  o.s.d.r.c.RepositoryConfigurationDelegate - Bootstrapping Spring Data repositories in DEFAULT mode.
2018-12-29 14:07:09.185 [restartedMain] INFO  o.s.d.r.c.RepositoryConfigurationDelegate - Finished Spring Data repository scanning in 155ms. Found 2 repository interfaces.
2018-12-29 14:07:10.148 [restartedMain] INFO  o.s.c.s.PostProcessorRegistrationDelegate$BeanPostProcessorChecker - Bean 'org.springframework.transaction.annotation.ProxyTransactionManagementConfiguration' of type [org.springframework.transaction.annotation.ProxyTransactionManagementConfiguration$$EnhancerBySpringCGLIB$$6e78358b] is not eligible for getting processed by all BeanPostProcessors (for example: not eligible for auto-proxying)
2018-12-29 14:07:16.534 [restartedMain] INFO  o.s.b.w.e.tomcat.TomcatWebServer - Tomcat initialized with port(s): 8080 (http)
2018-12-29 14:07:16.585 [restartedMain] INFO  o.a.catalina.core.StandardService - Starting service [Tomcat]
2018-12-29 14:07:16.586 [restartedMain] INFO  o.a.catalina.core.StandardEngine - Starting Servlet Engine: Apache Tomcat/9.0.13
2018-12-29 14:07:16.860 [restartedMain] INFO  o.a.c.c.C.[Tomcat].[localhost].[/] - Initializing Spring embedded WebApplicationContext
2018-12-29 14:07:16.862 [restartedMain] INFO  o.s.web.context.ContextLoader - Root WebApplicationContext: initialization completed in 10010 ms
2018-12-29 14:07:17.222 [restartedMain] INFO  com.zaxxer.hikari.HikariDataSource - HikariPool-1 - Starting...
2018-12-29 14:07:17.453 [restartedMain] INFO  com.zaxxer.hikari.HikariDataSource - HikariPool-1 - Start completed.
2018-12-29 14:07:17.530 [restartedMain] INFO  o.h.jpa.internal.util.LogHelper - HHH000204: Processing PersistenceUnitInfo [
	name: default
	...]
2018-12-29 14:07:17.651 [restartedMain] INFO  org.hibernate.Version - HHH000412: Hibernate Core {5.3.7.Final}
2018-12-29 14:07:17.656 [restartedMain] INFO  org.hibernate.cfg.Environment - HHH000206: hibernate.properties not found
2018-12-29 14:07:17.990 [restartedMain] INFO  o.h.annotations.common.Version - HCANN000001: Hibernate Commons Annotations {5.0.4.Final}
2018-12-29 14:07:18.327 [restartedMain] INFO  org.hibernate.dialect.Dialect - HHH000400: Using dialect: org.hibernate.dialect.MySQL5Dialect
2018-12-29 14:07:19.620 [restartedMain] INFO  o.s.o.j.LocalContainerEntityManagerFactoryBean - Initialized JPA EntityManagerFactory for persistence unit 'default'
2018-12-29 14:07:19.656 [restartedMain] INFO  o.s.b.d.a.OptionalLiveReloadServer - LiveReload server is running on port 35729
2018-12-29 14:07:20.964 [restartedMain] INFO  o.s.s.c.ThreadPoolTaskExecutor - Initializing ExecutorService 'applicationTaskExecutor'
2018-12-29 14:07:21.853 [ActiveMQ Task-1] INFO  o.a.a.t.failover.FailoverTransport - Successfully connected to tcp://localhost:61617
2018-12-29 14:07:21.963 [restartedMain] INFO  o.s.b.w.e.tomcat.TomcatWebServer - Tomcat started on port(s): 8080 (http) with context path ''
2018-12-29 14:07:21.978 [restartedMain] INFO  c.p.voice.proper.ProperApplication - Started ProperApplication in 16.337 seconds (JVM running for 17.766)
2018-12-29 14:07:28.797 [http-nio-8080-exec-1] INFO  o.a.c.c.C.[Tomcat].[localhost].[/] - Initializing Spring DispatcherServlet 'dispatcherServlet'
2018-12-29 14:07:28.798 [http-nio-8080-exec-1] INFO  o.s.web.servlet.DispatcherServlet - Initializing Servlet 'dispatcherServlet'
2018-12-29 14:07:28.814 [http-nio-8080-exec-1] INFO  o.s.web.servlet.DispatcherServlet - Completed initialization in 16 ms
2018-12-29 14:07:28.898 [Thread-13] INFO  org.eclipse.jetty.util.log - Logging initialized @24686ms to org.eclipse.jetty.util.log.Slf4jLog
2018-12-29 14:07:29.104 [Thread-12] INFO  c.p.v.p.c.i.ActiveManagerServiceImpl - 增加消息成功，语音模板：TTS_152451803，用户手机号：182423629684
2018-12-29 14:07:29.118 [Thread-15] INFO  c.p.v.p.c.i.ActiveManagerServiceImpl - 增加消息成功，语音模板：TTS_152451803，用户手机号：182423629684
2018-12-29 14:07:29.174 [Thread-14] INFO  c.p.v.p.c.i.ActiveManagerServiceImpl - 增加消息成功，语音模板：TTS_152451803，用户手机号：182423629684
2018-12-29 14:07:29.298 [Thread-16] INFO  c.p.v.p.c.i.ActiveManagerServiceImpl - 增加消息成功，语音模板：TTS_152451803，用户手机号：182423629684
2018-12-29 14:07:29.358 [Thread-13] INFO  c.p.v.p.c.i.ActiveManagerServiceImpl - 增加消息成功，语音模板：TTS_152451803，用户手机号：182423629684
2018-12-29 14:11:28.639 [Thread-17] INFO  c.p.v.p.c.i.ActiveManagerServiceImpl - 增加消息成功，语音模板：TTS_152451803，用户手机号：182423629684
2018-12-29 14:11:28.701 [Thread-18] INFO  c.p.v.p.c.i.ActiveManagerServiceImpl - 增加消息成功，语音模板：TTS_152451803，用户手机号：182423629684
2018-12-29 14:11:28.798 [Thread-21] INFO  c.p.v.p.c.i.ActiveManagerServiceImpl - 增加消息成功，语音模板：TTS_152451803，用户手机号：182423629684
2018-12-29 14:11:28.864 [Thread-20] INFO  c.p.v.p.c.i.ActiveManagerServiceImpl - 增加消息成功，语音模板：TTS_152451803，用户手机号：182423629684
2018-12-29 14:11:28.878 [Thread-19] INFO  c.p.v.p.c.i.ActiveManagerServiceImpl - 增加消息成功，语音模板：TTS_152451803，用户手机号：182423629684
2018-12-29 14:31:31.698 [restartedMain] INFO  c.p.voice.proper.ProperApplication - Starting ProperApplication on PC-20170803EPUQ with PID 69352 (E:\project\intelligence\proper\proper\target\classes started by Administrator in E:\project\intelligence\proper\proper)
2018-12-29 14:31:31.705 [restartedMain] INFO  c.p.voice.proper.ProperApplication - No active profile set, falling back to default profiles: default
2018-12-29 14:31:32.009 [restartedMain] INFO  o.s.b.d.e.DevToolsPropertyDefaultsPostProcessor - Devtools property defaults active! Set 'spring.devtools.add-properties' to 'false' to disable
2018-12-29 14:31:32.009 [restartedMain] INFO  o.s.b.d.e.DevToolsPropertyDefaultsPostProcessor - For additional web related logging consider setting the 'logging.level.web' property to 'DEBUG'
2018-12-29 14:31:33.723 [restartedMain] INFO  o.s.d.r.c.RepositoryConfigurationDelegate - Bootstrapping Spring Data repositories in DEFAULT mode.
2018-12-29 14:31:33.913 [restartedMain] INFO  o.s.d.r.c.RepositoryConfigurationDelegate - Finished Spring Data repository scanning in 157ms. Found 2 repository interfaces.
2018-12-29 14:31:34.819 [restartedMain] INFO  o.s.c.s.PostProcessorRegistrationDelegate$BeanPostProcessorChecker - Bean 'org.springframework.transaction.annotation.ProxyTransactionManagementConfiguration' of type [org.springframework.transaction.annotation.ProxyTransactionManagementConfiguration$$EnhancerBySpringCGLIB$$fccab1c6] is not eligible for getting processed by all BeanPostProcessors (for example: not eligible for auto-proxying)
2018-12-29 14:31:41.049 [restartedMain] INFO  o.s.b.w.e.tomcat.TomcatWebServer - Tomcat initialized with port(s): 8080 (http)
2018-12-29 14:31:41.085 [restartedMain] INFO  o.a.catalina.core.StandardService - Starting service [Tomcat]
2018-12-29 14:31:41.085 [restartedMain] INFO  o.a.catalina.core.StandardEngine - Starting Servlet Engine: Apache Tomcat/9.0.13
2018-12-29 14:31:41.333 [restartedMain] INFO  o.a.c.c.C.[Tomcat].[localhost].[/] - Initializing Spring embedded WebApplicationContext
2018-12-29 14:31:41.334 [restartedMain] INFO  o.s.web.context.ContextLoader - Root WebApplicationContext: initialization completed in 9324 ms
2018-12-29 14:31:41.740 [restartedMain] INFO  com.zaxxer.hikari.HikariDataSource - HikariPool-1 - Starting...
2018-12-29 14:31:42.067 [restartedMain] INFO  com.zaxxer.hikari.HikariDataSource - HikariPool-1 - Start completed.
2018-12-29 14:31:42.193 [restartedMain] INFO  o.h.jpa.internal.util.LogHelper - HHH000204: Processing PersistenceUnitInfo [
	name: default
	...]
2018-12-29 14:31:42.350 [restartedMain] INFO  org.hibernate.Version - HHH000412: Hibernate Core {5.3.7.Final}
2018-12-29 14:31:42.356 [restartedMain] INFO  org.hibernate.cfg.Environment - HHH000206: hibernate.properties not found
2018-12-29 14:31:42.721 [restartedMain] INFO  o.h.annotations.common.Version - HCANN000001: Hibernate Commons Annotations {5.0.4.Final}
2018-12-29 14:31:43.024 [restartedMain] INFO  org.hibernate.dialect.Dialect - HHH000400: Using dialect: org.hibernate.dialect.MySQL5Dialect
2018-12-29 14:31:44.125 [restartedMain] INFO  o.s.o.j.LocalContainerEntityManagerFactoryBean - Initialized JPA EntityManagerFactory for persistence unit 'default'
2018-12-29 14:31:44.155 [restartedMain] INFO  o.s.b.d.a.OptionalLiveReloadServer - LiveReload server is running on port 35729
2018-12-29 14:31:45.572 [restartedMain] INFO  o.s.s.c.ThreadPoolTaskExecutor - Initializing ExecutorService 'applicationTaskExecutor'
2018-12-29 14:31:46.463 [ActiveMQ Task-1] INFO  o.a.a.t.failover.FailoverTransport - Successfully connected to tcp://localhost:61617
2018-12-29 14:31:46.579 [restartedMain] INFO  o.s.b.w.e.tomcat.TomcatWebServer - Tomcat started on port(s): 8080 (http) with context path ''
2018-12-29 14:31:46.588 [restartedMain] INFO  c.p.voice.proper.ProperApplication - Started ProperApplication in 16.019 seconds (JVM running for 17.133)
